[0.036s] Invoking command in '/home/rosuser/ros2_ws/src/robot2wd/build/robot2wd': CMAKE_PREFIX_PATH=/opt/ros/humble /usr/bin/cmake /home/rosuser/ros2_ws/src/robot2wd/robot2wd -DAMENT_CMAKE_SYMLINK_INSTALL=1 -DCMAKE_INSTALL_PREFIX=/home/rosuser/ros2_ws/src/robot2wd/install/robot2wd
[0.130s] -- The C compiler identification is GNU 11.4.0
[0.223s] -- The CXX compiler identification is GNU 11.4.0
[0.234s] -- Detecting C compiler ABI info
[0.338s] -- Detecting C compiler ABI info - done
[0.351s] -- Check for working C compiler: /usr/bin/cc - skipped
[0.352s] -- Detecting C compile features
[0.353s] -- Detecting C compile features - done
[0.359s] -- Detecting CXX compiler ABI info
[0.482s] -- Detecting CXX compiler ABI info - done
[0.494s] -- Check for working CXX compiler: /usr/bin/c++ - skipped
[0.494s] -- Detecting CXX compile features
[0.495s] -- Detecting CXX compile features - done
[0.499s] -- Found ament_cmake: 1.3.12 (/opt/ros/humble/share/ament_cmake/cmake)
[0.733s] -- Found Python3: /usr/bin/python3 (found version "3.10.12") found components: Interpreter 
[0.833s] -- Override CMake install command with custom implementation using symlinks instead of copying resources
[0.878s] -- Found ament_lint_auto: 0.12.14 (/opt/ros/humble/share/ament_lint_auto/cmake)
[1.012s] -- Added test 'copyright' to check source files copyright and LICENSE
[1.026s] -- Added test 'flake8' to check Python code syntax and style conventions
[1.028s] -- Added test 'lint_cmake' to check CMake code style
[1.029s] -- Added test 'pep257' to check Python code against some of the docstring style conventions in PEP 257
[1.036s] -- Added test 'xmllint' to check XML markup files
[1.039s] -- Configuring done
[1.045s] -- Generating done
[1.047s] -- Build files have been written to: /home/rosuser/ros2_ws/src/robot2wd/build/robot2wd
[1.053s] Invoked command in '/home/rosuser/ros2_ws/src/robot2wd/build/robot2wd' returned '0': CMAKE_PREFIX_PATH=/opt/ros/humble /usr/bin/cmake /home/rosuser/ros2_ws/src/robot2wd/robot2wd -DAMENT_CMAKE_SYMLINK_INSTALL=1 -DCMAKE_INSTALL_PREFIX=/home/rosuser/ros2_ws/src/robot2wd/install/robot2wd
[1.057s] Invoking command in '/home/rosuser/ros2_ws/src/robot2wd/build/robot2wd': CMAKE_PREFIX_PATH=/opt/ros/humble /usr/bin/cmake --build /home/rosuser/ros2_ws/src/robot2wd/build/robot2wd -- -j4 -l4
[1.113s] Invoked command in '/home/rosuser/ros2_ws/src/robot2wd/build/robot2wd' returned '0': CMAKE_PREFIX_PATH=/opt/ros/humble /usr/bin/cmake --build /home/rosuser/ros2_ws/src/robot2wd/build/robot2wd -- -j4 -l4
[1.127s] Invoking command in '/home/rosuser/ros2_ws/src/robot2wd/build/robot2wd': CMAKE_PREFIX_PATH=/opt/ros/humble /usr/bin/cmake --install /home/rosuser/ros2_ws/src/robot2wd/build/robot2wd
[1.138s] -- Install configuration: ""
[1.139s] -- Execute custom install script
[1.140s] -- Symlinking: /home/rosuser/ros2_ws/src/robot2wd/install/robot2wd/share/robot2wd/config/empty.yaml
[1.152s] -- Symlinking: /home/rosuser/ros2_ws/src/robot2wd/install/robot2wd/share/robot2wd/description/robot.urdf.xacro
[1.164s] -- Symlinking: /home/rosuser/ros2_ws/src/robot2wd/install/robot2wd/share/robot2wd/description/robot_core.xacro
[1.177s] -- Symlinking: /home/rosuser/ros2_ws/src/robot2wd/install/robot2wd/share/robot2wd/launch/rsp.launch.py
[1.190s] -- Symlinking: /home/rosuser/ros2_ws/src/robot2wd/install/robot2wd/share/robot2wd/worlds/empty.world
[1.203s] -- Symlinking: /home/rosuser/ros2_ws/src/robot2wd/install/robot2wd/share/ament_index/resource_index/package_run_dependencies/robot2wd
[1.216s] -- Symlinking: /home/rosuser/ros2_ws/src/robot2wd/install/robot2wd/share/ament_index/resource_index/parent_prefix_path/robot2wd
[1.229s] -- Symlinking: /home/rosuser/ros2_ws/src/robot2wd/install/robot2wd/share/robot2wd/environment/ament_prefix_path.sh
[1.241s] -- Symlinking: /home/rosuser/ros2_ws/src/robot2wd/install/robot2wd/share/robot2wd/environment/ament_prefix_path.dsv
[1.253s] -- Symlinking: /home/rosuser/ros2_ws/src/robot2wd/install/robot2wd/share/robot2wd/environment/path.sh
[1.265s] -- Symlinking: /home/rosuser/ros2_ws/src/robot2wd/install/robot2wd/share/robot2wd/environment/path.dsv
[1.278s] -- Symlinking: /home/rosuser/ros2_ws/src/robot2wd/install/robot2wd/share/robot2wd/local_setup.bash
[1.289s] -- Symlinking: /home/rosuser/ros2_ws/src/robot2wd/install/robot2wd/share/robot2wd/local_setup.sh
[1.304s] -- Symlinking: /home/rosuser/ros2_ws/src/robot2wd/install/robot2wd/share/robot2wd/local_setup.zsh
[1.316s] -- Symlinking: /home/rosuser/ros2_ws/src/robot2wd/install/robot2wd/share/robot2wd/local_setup.dsv
[1.328s] -- Symlinking: /home/rosuser/ros2_ws/src/robot2wd/install/robot2wd/share/robot2wd/package.dsv
[1.341s] -- Symlinking: /home/rosuser/ros2_ws/src/robot2wd/install/robot2wd/share/ament_index/resource_index/packages/robot2wd
[1.354s] -- Symlinking: /home/rosuser/ros2_ws/src/robot2wd/install/robot2wd/share/robot2wd/cmake/robot2wdConfig.cmake
[1.372s] -- Symlinking: /home/rosuser/ros2_ws/src/robot2wd/install/robot2wd/share/robot2wd/cmake/robot2wdConfig-version.cmake
[1.387s] -- Symlinking: /home/rosuser/ros2_ws/src/robot2wd/install/robot2wd/share/robot2wd/package.xml
[1.409s] Invoked command in '/home/rosuser/ros2_ws/src/robot2wd/build/robot2wd' returned '0': CMAKE_PREFIX_PATH=/opt/ros/humble /usr/bin/cmake --install /home/rosuser/ros2_ws/src/robot2wd/build/robot2wd
