-- Install configuration: ""
-- Execute custom install script
-- Up-to-date symlink: /home/rosuser/ros2_ws/src/robot2wd/install/robot2wd/share/robot2wd/config/empty.yaml
-- Symlinking: /home/rosuser/ros2_ws/src/robot2wd/install/robot2wd/share/robot2wd/description/inertial_macros.xacro
-- Up-to-date symlink: /home/rosuser/ros2_ws/src/robot2wd/install/robot2wd/share/robot2wd/description/robot.urdf.xacro
-- Up-to-date symlink: /home/rosuser/ros2_ws/src/robot2wd/install/robot2wd/share/robot2wd/description/robot_core.xacro
-- Up-to-date symlink: /home/rosuser/ros2_ws/src/robot2wd/install/robot2wd/share/robot2wd/launch/rsp.launch.py
-- Up-to-date symlink: /home/rosuser/ros2_ws/src/robot2wd/install/robot2wd/share/robot2wd/worlds/empty.world
-- Up-to-date symlink: /home/rosuser/ros2_ws/src/robot2wd/install/robot2wd/share/ament_index/resource_index/package_run_dependencies/robot2wd
-- Up-to-date symlink: /home/rosuser/ros2_ws/src/robot2wd/install/robot2wd/share/ament_index/resource_index/parent_prefix_path/robot2wd
-- Up-to-date symlink: /home/rosuser/ros2_ws/src/robot2wd/install/robot2wd/share/robot2wd/environment/ament_prefix_path.sh
-- Up-to-date symlink: /home/rosuser/ros2_ws/src/robot2wd/install/robot2wd/share/robot2wd/environment/ament_prefix_path.dsv
-- Up-to-date symlink: /home/rosuser/ros2_ws/src/robot2wd/install/robot2wd/share/robot2wd/environment/path.sh
-- Up-to-date symlink: /home/rosuser/ros2_ws/src/robot2wd/install/robot2wd/share/robot2wd/environment/path.dsv
-- Up-to-date symlink: /home/rosuser/ros2_ws/src/robot2wd/install/robot2wd/share/robot2wd/local_setup.bash
-- Up-to-date symlink: /home/rosuser/ros2_ws/src/robot2wd/install/robot2wd/share/robot2wd/local_setup.sh
-- Up-to-date symlink: /home/rosuser/ros2_ws/src/robot2wd/install/robot2wd/share/robot2wd/local_setup.zsh
-- Up-to-date symlink: /home/rosuser/ros2_ws/src/robot2wd/install/robot2wd/share/robot2wd/local_setup.dsv
-- Symlinking: /home/rosuser/ros2_ws/src/robot2wd/install/robot2wd/share/robot2wd/package.dsv
-- Up-to-date symlink: /home/rosuser/ros2_ws/src/robot2wd/install/robot2wd/share/ament_index/resource_index/packages/robot2wd
-- Up-to-date symlink: /home/rosuser/ros2_ws/src/robot2wd/install/robot2wd/share/robot2wd/cmake/robot2wdConfig.cmake
-- Up-to-date symlink: /home/rosuser/ros2_ws/src/robot2wd/install/robot2wd/share/robot2wd/cmake/robot2wdConfig-version.cmake
-- Up-to-date symlink: /home/rosuser/ros2_ws/src/robot2wd/install/robot2wd/share/robot2wd/package.xml
