[0.038s] Invoking command in '/home/rosuser/ros2_ws/src/robot2wd/build/robot2wd': CMAKE_PREFIX_PATH=${CMAKE_PREFIX_PATH}:/opt/ros/humble /usr/bin/cmake --build /home/rosuser/ros2_ws/src/robot2wd/build/robot2wd -- -j4 -l4
[0.165s] Invoked command in '/home/rosuser/ros2_ws/src/robot2wd/build/robot2wd' returned '0': CMAKE_PREFIX_PATH=${CMAKE_PREFIX_PATH}:/opt/ros/humble /usr/bin/cmake --build /home/rosuser/ros2_ws/src/robot2wd/build/robot2wd -- -j4 -l4
[0.178s] Invoking command in '/home/rosuser/ros2_ws/src/robot2wd/build/robot2wd': CMAKE_PREFIX_PATH=${CMAKE_PREFIX_PATH}:/opt/ros/humble /usr/bin/cmake --install /home/rosuser/ros2_ws/src/robot2wd/build/robot2wd
[0.188s] -- Install configuration: ""
[0.190s] -- Execute custom install script
[0.191s] -- Up-to-date symlink: /home/rosuser/ros2_ws/src/robot2wd/install/robot2wd/share/robot2wd/config/empty.yaml
[0.191s] -- Symlinking: /home/rosuser/ros2_ws/src/robot2wd/install/robot2wd/share/robot2wd/description/inertial_macros.xacro
[0.205s] -- Up-to-date symlink: /home/rosuser/ros2_ws/src/robot2wd/install/robot2wd/share/robot2wd/description/robot.urdf.xacro
[0.205s] -- Up-to-date symlink: /home/rosuser/ros2_ws/src/robot2wd/install/robot2wd/share/robot2wd/description/robot_core.xacro
[0.206s] -- Up-to-date symlink: /home/rosuser/ros2_ws/src/robot2wd/install/robot2wd/share/robot2wd/launch/rsp.launch.py
[0.206s] -- Up-to-date symlink: /home/rosuser/ros2_ws/src/robot2wd/install/robot2wd/share/robot2wd/worlds/empty.world
[0.207s] -- Up-to-date symlink: /home/rosuser/ros2_ws/src/robot2wd/install/robot2wd/share/ament_index/resource_index/package_run_dependencies/robot2wd
[0.207s] -- Up-to-date symlink: /home/rosuser/ros2_ws/src/robot2wd/install/robot2wd/share/ament_index/resource_index/parent_prefix_path/robot2wd
[0.207s] -- Up-to-date symlink: /home/rosuser/ros2_ws/src/robot2wd/install/robot2wd/share/robot2wd/environment/ament_prefix_path.sh
[0.208s] -- Up-to-date symlink: /home/rosuser/ros2_ws/src/robot2wd/install/robot2wd/share/robot2wd/environment/ament_prefix_path.dsv
[0.208s] -- Up-to-date symlink: /home/rosuser/ros2_ws/src/robot2wd/install/robot2wd/share/robot2wd/environment/path.sh
[0.209s] -- Up-to-date symlink: /home/rosuser/ros2_ws/src/robot2wd/install/robot2wd/share/robot2wd/environment/path.dsv
[0.209s] -- Up-to-date symlink: /home/rosuser/ros2_ws/src/robot2wd/install/robot2wd/share/robot2wd/local_setup.bash
[0.209s] -- Up-to-date symlink: /home/rosuser/ros2_ws/src/robot2wd/install/robot2wd/share/robot2wd/local_setup.sh
[0.210s] -- Up-to-date symlink: /home/rosuser/ros2_ws/src/robot2wd/install/robot2wd/share/robot2wd/local_setup.zsh
[0.210s] -- Up-to-date symlink: /home/rosuser/ros2_ws/src/robot2wd/install/robot2wd/share/robot2wd/local_setup.dsv
[0.210s] -- Symlinking: /home/rosuser/ros2_ws/src/robot2wd/install/robot2wd/share/robot2wd/package.dsv
[0.223s] -- Up-to-date symlink: /home/rosuser/ros2_ws/src/robot2wd/install/robot2wd/share/ament_index/resource_index/packages/robot2wd
[0.223s] -- Up-to-date symlink: /home/rosuser/ros2_ws/src/robot2wd/install/robot2wd/share/robot2wd/cmake/robot2wdConfig.cmake
[0.223s] -- Up-to-date symlink: /home/rosuser/ros2_ws/src/robot2wd/install/robot2wd/share/robot2wd/cmake/robot2wdConfig-version.cmake
[0.224s] -- Up-to-date symlink: /home/rosuser/ros2_ws/src/robot2wd/install/robot2wd/share/robot2wd/package.xml
[0.227s] Invoked command in '/home/rosuser/ros2_ws/src/robot2wd/build/robot2wd' returned '0': CMAKE_PREFIX_PATH=${CMAKE_PREFIX_PATH}:/opt/ros/humble /usr/bin/cmake --install /home/rosuser/ros2_ws/src/robot2wd/build/robot2wd
